<?xml version="1.0" encoding="UTF-8"?>
<testsuite xmlns:xsi="http://www.w3.org/2001/XMLSchema-instance" xsi:noNamespaceSchemaLocation="https://maven.apache.org/surefire/maven-surefire-plugin/xsd/surefire-test-report.xsd" name="TestSuite" time="10.699" tests="17" errors="0" skipped="0" failures="2">
  <properties>
    <property name="gopherProxySet" value="false"/>
    <property name="awt.toolkit" value="sun.lwawt.macosx.LWCToolkit"/>
    <property name="file.encoding.pkg" value="sun.io"/>
    <property name="java.specification.version" value="1.8"/>
    <property name="sun.cpu.isalist" value=""/>
    <property name="sun.jnu.encoding" value="UTF-8"/>
    <property name="java.class.path" value="/Users/zhangjishuai/Desktop/myGitHub/api_testcode/target/test-classes:/Users/zhangjishuai/Desktop/myGitHub/api_testcode/target/classes:/Users/zhangjishuai/Downloads/maven_local_respository/com/alibaba/fastjson/1.2.61/fastjson-1.2.61.jar:/Users/zhangjishuai/Downloads/maven_local_respository/javax/el/javax.el-api/2.2.4/javax.el-api-2.2.4.jar:/Users/zhangjishuai/Downloads/maven_local_respository/org/hibernate/hibernate-validator/5.2.4.Final/hibernate-validator-5.2.4.Final.jar:/Users/zhangjishuai/Downloads/maven_local_respository/javax/validation/validation-api/1.1.0.Final/validation-api-1.1.0.Final.jar:/Users/zhangjishuai/Downloads/maven_local_respository/org/jboss/logging/jboss-logging/3.2.1.Final/jboss-logging-3.2.1.Final.jar:/Users/zhangjishuai/Downloads/maven_local_respository/com/fasterxml/classmate/1.1.0/classmate-1.1.0.jar:/Users/zhangjishuai/Downloads/maven_local_respository/cn/afterturn/easypoi-base/3.2.0/easypoi-base-3.2.0.jar:/Users/zhangjishuai/Downloads/maven_local_respository/org/apache/poi/poi/3.15/poi-3.15.jar:/Users/zhangjishuai/Downloads/maven_local_respository/org/apache/commons/commons-collections4/4.1/commons-collections4-4.1.jar:/Users/zhangjishuai/Downloads/maven_local_respository/org/apache/poi/poi-ooxml/3.15/poi-ooxml-3.15.jar:/Users/zhangjishuai/Downloads/maven_local_respository/com/github/virtuald/curvesapi/1.04/curvesapi-1.04.jar:/Users/zhangjishuai/Downloads/maven_local_respository/org/apache/poi/poi-ooxml-schemas/3.15/poi-ooxml-schemas-3.15.jar:/Users/zhangjishuai/Downloads/maven_local_respository/org/apache/xmlbeans/xmlbeans/2.6.0/xmlbeans-2.6.0.jar:/Users/zhangjishuai/Downloads/maven_local_respository/stax/stax-api/1.0.1/stax-api-1.0.1.jar:/Users/zhangjishuai/Downloads/maven_local_respository/com/google/guava/guava/16.0.1/guava-16.0.1.jar:/Users/zhangjishuai/Downloads/maven_local_respository/org/apache/commons/commons-lang3/3.2.1/commons-lang3-3.2.1.jar:/Users/zhangjishuai/Downloads/maven_local_respository/org/slf4j/slf4j-api/1.6.1/slf4j-api-1.6.1.jar:/Users/zhangjishuai/Downloads/maven_local_respository/cn/afterturn/easypoi-web/3.2.0/easypoi-web-3.2.0.jar:/Users/zhangjishuai/Downloads/maven_local_respository/org/springframework/spring-web/3.1.1.RELEASE/spring-web-3.1.1.RELEASE.jar:/Users/zhangjishuai/Downloads/maven_local_respository/aopalliance/aopalliance/1.0/aopalliance-1.0.jar:/Users/zhangjishuai/Downloads/maven_local_respository/org/springframework/spring-beans/3.1.1.RELEASE/spring-beans-3.1.1.RELEASE.jar:/Users/zhangjishuai/Downloads/maven_local_respository/org/springframework/spring-context/3.1.1.RELEASE/spring-context-3.1.1.RELEASE.jar:/Users/zhangjishuai/Downloads/maven_local_respository/org/springframework/spring-aop/3.1.1.RELEASE/spring-aop-3.1.1.RELEASE.jar:/Users/zhangjishuai/Downloads/maven_local_respository/org/springframework/spring-webmvc/3.1.1.RELEASE/spring-webmvc-3.1.1.RELEASE.jar:/Users/zhangjishuai/Downloads/maven_local_respository/org/springframework/spring-asm/3.1.1.RELEASE/spring-asm-3.1.1.RELEASE.jar:/Users/zhangjishuai/Downloads/maven_local_respository/org/springframework/spring-context-support/3.1.1.RELEASE/spring-context-support-3.1.1.RELEASE.jar:/Users/zhangjishuai/Downloads/maven_local_respository/org/springframework/spring-expression/3.1.1.RELEASE/spring-expression-3.1.1.RELEASE.jar:/Users/zhangjishuai/Downloads/maven_local_respository/org/springframework/spring-core/3.1.1.RELEASE/spring-core-3.1.1.RELEASE.jar:/Users/zhangjishuai/Downloads/maven_local_respository/cn/afterturn/easypoi-annotation/3.2.0/easypoi-annotation-3.2.0.jar:/Users/zhangjishuai/Downloads/maven_local_respository/dom4j/dom4j/1.6.1/dom4j-1.6.1.jar:/Users/zhangjishuai/Downloads/maven_local_respository/xml-apis/xml-apis/1.0.b2/xml-apis-1.0.b2.jar:/Users/zhangjishuai/Downloads/maven_local_respository/org/testng/testng/6.9.8/testng-6.9.8.jar:/Users/zhangjishuai/Downloads/maven_local_respository/org/beanshell/bsh/2.0b4/bsh-2.0b4.jar:/Users/zhangjishuai/Downloads/maven_local_respository/com/beust/jcommander/1.48/jcommander-1.48.jar:/Users/zhangjishuai/Downloads/maven_local_respository/org/apache/httpcomponents/httpclient/4.5.6/httpclient-4.5.6.jar:/Users/zhangjishuai/Downloads/maven_local_respository/org/apache/httpcomponents/httpcore/4.4.10/httpcore-4.4.10.jar:/Users/zhangjishuai/Downloads/maven_local_respository/commons-logging/commons-logging/1.2/commons-logging-1.2.jar:/Users/zhangjishuai/Downloads/maven_local_respository/commons-codec/commons-codec/1.10/commons-codec-1.10.jar:/Users/zhangjishuai/Downloads/maven_local_respository/mysql/mysql-connector-java/5.1.38/mysql-connector-java-5.1.38.jar:/Users/zhangjishuai/Downloads/maven_local_respository/commons-dbutils/commons-dbutils/1.6/commons-dbutils-1.6.jar:/Users/zhangjishuai/Downloads/maven_local_respository/log4j/log4j/1.2.17/log4j-1.2.17.jar:/Users/zhangjishuai/Downloads/maven_local_respository/io/qameta/allure/allure-testng/2.6.0/allure-testng-2.6.0.jar:/Users/zhangjishuai/Downloads/maven_local_respository/io/qameta/allure/allure-descriptions-javadoc/2.6.0/allure-descriptions-javadoc-2.6.0.jar:/Users/zhangjishuai/Downloads/maven_local_respository/commons-io/commons-io/2.5/commons-io-2.5.jar:/Users/zhangjishuai/Downloads/maven_local_respository/io/qameta/allure/allure-java-commons/2.6.0/allure-java-commons-2.6.0.jar:/Users/zhangjishuai/Downloads/maven_local_respository/io/qameta/allure/allure2-model-api/1.0-BETA6/allure2-model-api-1.0-BETA6.jar:/Users/zhangjishuai/Downloads/maven_local_respository/io/qameta/allure/allure2-model-pojo/1.0-BETA6/allure2-model-pojo-1.0-BETA6.jar:/Users/zhangjishuai/Downloads/maven_local_respository/org/apache/tika/tika-core/1.14/tika-core-1.14.jar:/Users/zhangjishuai/Downloads/maven_local_respository/io/qameta/allure/allure2-model-jackson/1.0-BETA6/allure2-model-jackson-1.0-BETA6.jar:/Users/zhangjishuai/Downloads/maven_local_respository/com/fasterxml/jackson/module/jackson-module-jaxb-annotations/2.7.0/jackson-module-jaxb-annotations-2.7.0.jar:/Users/zhangjishuai/Downloads/maven_local_respository/org/aspectj/aspectjrt/1.8.10/aspectjrt-1.8.10.jar:/Users/zhangjishuai/Downloads/maven_local_respository/org/jooq/joor/0.9.6/joor-0.9.6.jar:/Users/zhangjishuai/Downloads/maven_local_respository/com/github/dreamhead/moco-runner/1.0.0/moco-runner-1.0.0.jar:/Users/zhangjishuai/Downloads/maven_local_respository/com/github/dreamhead/moco-core/1.0.0/moco-core-1.0.0.jar:/Users/zhangjishuai/Downloads/maven_local_respository/commons-cli/commons-cli/1.4/commons-cli-1.4.jar:/Users/zhangjishuai/Downloads/maven_local_respository/io/netty/netty-codec-http/4.1.39.Final/netty-codec-http-4.1.39.Final.jar:/Users/zhangjishuai/Downloads/maven_local_respository/io/netty/netty-common/4.1.39.Final/netty-common-4.1.39.Final.jar:/Users/zhangjishuai/Downloads/maven_local_respository/io/netty/netty-buffer/4.1.39.Final/netty-buffer-4.1.39.Final.jar:/Users/zhangjishuai/Downloads/maven_local_respository/io/netty/netty-transport/4.1.39.Final/netty-transport-4.1.39.Final.jar:/Users/zhangjishuai/Downloads/maven_local_respository/io/netty/netty-resolver/4.1.39.Final/netty-resolver-4.1.39.Final.jar:/Users/zhangjishuai/Downloads/maven_local_respository/io/netty/netty-codec/4.1.39.Final/netty-codec-4.1.39.Final.jar:/Users/zhangjishuai/Downloads/maven_local_respository/io/netty/netty-handler/4.1.39.Final/netty-handler-4.1.39.Final.jar:/Users/zhangjishuai/Downloads/maven_local_respository/com/fasterxml/jackson/core/jackson-databind/2.10.0.pr1/jackson-databind-2.10.0.pr1.jar:/Users/zhangjishuai/Downloads/maven_local_respository/com/fasterxml/jackson/core/jackson-annotations/2.10.0.pr1/jackson-annotations-2.10.0.pr1.jar:/Users/zhangjishuai/Downloads/maven_local_respository/com/fasterxml/jackson/core/jackson-core/2.10.0.pr1/jackson-core-2.10.0.pr1.jar:/Users/zhangjishuai/Downloads/maven_local_respository/com/jayway/jsonpath/json-path/2.4.0/json-path-2.4.0.jar:/Users/zhangjishuai/Downloads/maven_local_respository/net/minidev/json-smart/2.3/json-smart-2.3.jar:/Users/zhangjishuai/Downloads/maven_local_respository/net/minidev/accessors-smart/1.2/accessors-smart-1.2.jar:/Users/zhangjishuai/Downloads/maven_local_respository/org/ow2/asm/asm/5.0.4/asm-5.0.4.jar:/Users/zhangjishuai/Downloads/maven_local_respository/org/freemarker/freemarker/2.3.29/freemarker-2.3.29.jar:/Users/zhangjishuai/Downloads/maven_local_respository/ch/qos/logback/logback-classic/1.2.3/logback-classic-1.2.3.jar:/Users/zhangjishuai/Downloads/maven_local_respository/ch/qos/logback/logback-core/1.2.3/logback-core-1.2.3.jar:"/>
    <property name="java.vm.vendor" value="Oracle Corporation"/>
    <property name="sun.arch.data.model" value="64"/>
    <property name="java.vendor.url" value="http://java.oracle.com/"/>
    <property name="user.timezone" value=""/>
    <property name="java.vm.specification.version" value="1.8"/>
    <property name="os.name" value="Mac OS X"/>
    <property name="user.country" value="CN"/>
    <property name="sun.java.launcher" value="SUN_STANDARD"/>
    <property name="sun.boot.library.path" value="/Library/Java/JavaVirtualMachines/jdk1.8.0_231.jdk/Contents/Home/jre/lib"/>
    <property name="sun.java.command" value="/Users/zhangjishuai/Desktop/myGitHub/api_testcode/target/surefire/surefirebooter3140854672645657055.jar /Users/zhangjishuai/Desktop/myGitHub/api_testcode/target/surefire 2020-02-10T13-34-45_578-jvmRun1 surefire3845113091622450861tmp surefire_05416631565258230114tmp"/>
    <property name="surefire.test.class.path" value="/Users/zhangjishuai/Desktop/myGitHub/api_testcode/target/test-classes:/Users/zhangjishuai/Desktop/myGitHub/api_testcode/target/classes:/Users/zhangjishuai/Downloads/maven_local_respository/com/alibaba/fastjson/1.2.61/fastjson-1.2.61.jar:/Users/zhangjishuai/Downloads/maven_local_respository/javax/el/javax.el-api/2.2.4/javax.el-api-2.2.4.jar:/Users/zhangjishuai/Downloads/maven_local_respository/org/hibernate/hibernate-validator/5.2.4.Final/hibernate-validator-5.2.4.Final.jar:/Users/zhangjishuai/Downloads/maven_local_respository/javax/validation/validation-api/1.1.0.Final/validation-api-1.1.0.Final.jar:/Users/zhangjishuai/Downloads/maven_local_respository/org/jboss/logging/jboss-logging/3.2.1.Final/jboss-logging-3.2.1.Final.jar:/Users/zhangjishuai/Downloads/maven_local_respository/com/fasterxml/classmate/1.1.0/classmate-1.1.0.jar:/Users/zhangjishuai/Downloads/maven_local_respository/cn/afterturn/easypoi-base/3.2.0/easypoi-base-3.2.0.jar:/Users/zhangjishuai/Downloads/maven_local_respository/org/apache/poi/poi/3.15/poi-3.15.jar:/Users/zhangjishuai/Downloads/maven_local_respository/org/apache/commons/commons-collections4/4.1/commons-collections4-4.1.jar:/Users/zhangjishuai/Downloads/maven_local_respository/org/apache/poi/poi-ooxml/3.15/poi-ooxml-3.15.jar:/Users/zhangjishuai/Downloads/maven_local_respository/com/github/virtuald/curvesapi/1.04/curvesapi-1.04.jar:/Users/zhangjishuai/Downloads/maven_local_respository/org/apache/poi/poi-ooxml-schemas/3.15/poi-ooxml-schemas-3.15.jar:/Users/zhangjishuai/Downloads/maven_local_respository/org/apache/xmlbeans/xmlbeans/2.6.0/xmlbeans-2.6.0.jar:/Users/zhangjishuai/Downloads/maven_local_respository/stax/stax-api/1.0.1/stax-api-1.0.1.jar:/Users/zhangjishuai/Downloads/maven_local_respository/com/google/guava/guava/16.0.1/guava-16.0.1.jar:/Users/zhangjishuai/Downloads/maven_local_respository/org/apache/commons/commons-lang3/3.2.1/commons-lang3-3.2.1.jar:/Users/zhangjishuai/Downloads/maven_local_respository/org/slf4j/slf4j-api/1.6.1/slf4j-api-1.6.1.jar:/Users/zhangjishuai/Downloads/maven_local_respository/cn/afterturn/easypoi-web/3.2.0/easypoi-web-3.2.0.jar:/Users/zhangjishuai/Downloads/maven_local_respository/org/springframework/spring-web/3.1.1.RELEASE/spring-web-3.1.1.RELEASE.jar:/Users/zhangjishuai/Downloads/maven_local_respository/aopalliance/aopalliance/1.0/aopalliance-1.0.jar:/Users/zhangjishuai/Downloads/maven_local_respository/org/springframework/spring-beans/3.1.1.RELEASE/spring-beans-3.1.1.RELEASE.jar:/Users/zhangjishuai/Downloads/maven_local_respository/org/springframework/spring-context/3.1.1.RELEASE/spring-context-3.1.1.RELEASE.jar:/Users/zhangjishuai/Downloads/maven_local_respository/org/springframework/spring-aop/3.1.1.RELEASE/spring-aop-3.1.1.RELEASE.jar:/Users/zhangjishuai/Downloads/maven_local_respository/org/springframework/spring-webmvc/3.1.1.RELEASE/spring-webmvc-3.1.1.RELEASE.jar:/Users/zhangjishuai/Downloads/maven_local_respository/org/springframework/spring-asm/3.1.1.RELEASE/spring-asm-3.1.1.RELEASE.jar:/Users/zhangjishuai/Downloads/maven_local_respository/org/springframework/spring-context-support/3.1.1.RELEASE/spring-context-support-3.1.1.RELEASE.jar:/Users/zhangjishuai/Downloads/maven_local_respository/org/springframework/spring-expression/3.1.1.RELEASE/spring-expression-3.1.1.RELEASE.jar:/Users/zhangjishuai/Downloads/maven_local_respository/org/springframework/spring-core/3.1.1.RELEASE/spring-core-3.1.1.RELEASE.jar:/Users/zhangjishuai/Downloads/maven_local_respository/cn/afterturn/easypoi-annotation/3.2.0/easypoi-annotation-3.2.0.jar:/Users/zhangjishuai/Downloads/maven_local_respository/dom4j/dom4j/1.6.1/dom4j-1.6.1.jar:/Users/zhangjishuai/Downloads/maven_local_respository/xml-apis/xml-apis/1.0.b2/xml-apis-1.0.b2.jar:/Users/zhangjishuai/Downloads/maven_local_respository/org/testng/testng/6.9.8/testng-6.9.8.jar:/Users/zhangjishuai/Downloads/maven_local_respository/org/beanshell/bsh/2.0b4/bsh-2.0b4.jar:/Users/zhangjishuai/Downloads/maven_local_respository/com/beust/jcommander/1.48/jcommander-1.48.jar:/Users/zhangjishuai/Downloads/maven_local_respository/org/apache/httpcomponents/httpclient/4.5.6/httpclient-4.5.6.jar:/Users/zhangjishuai/Downloads/maven_local_respository/org/apache/httpcomponents/httpcore/4.4.10/httpcore-4.4.10.jar:/Users/zhangjishuai/Downloads/maven_local_respository/commons-logging/commons-logging/1.2/commons-logging-1.2.jar:/Users/zhangjishuai/Downloads/maven_local_respository/commons-codec/commons-codec/1.10/commons-codec-1.10.jar:/Users/zhangjishuai/Downloads/maven_local_respository/mysql/mysql-connector-java/5.1.38/mysql-connector-java-5.1.38.jar:/Users/zhangjishuai/Downloads/maven_local_respository/commons-dbutils/commons-dbutils/1.6/commons-dbutils-1.6.jar:/Users/zhangjishuai/Downloads/maven_local_respository/log4j/log4j/1.2.17/log4j-1.2.17.jar:/Users/zhangjishuai/Downloads/maven_local_respository/io/qameta/allure/allure-testng/2.6.0/allure-testng-2.6.0.jar:/Users/zhangjishuai/Downloads/maven_local_respository/io/qameta/allure/allure-descriptions-javadoc/2.6.0/allure-descriptions-javadoc-2.6.0.jar:/Users/zhangjishuai/Downloads/maven_local_respository/commons-io/commons-io/2.5/commons-io-2.5.jar:/Users/zhangjishuai/Downloads/maven_local_respository/io/qameta/allure/allure-java-commons/2.6.0/allure-java-commons-2.6.0.jar:/Users/zhangjishuai/Downloads/maven_local_respository/io/qameta/allure/allure2-model-api/1.0-BETA6/allure2-model-api-1.0-BETA6.jar:/Users/zhangjishuai/Downloads/maven_local_respository/io/qameta/allure/allure2-model-pojo/1.0-BETA6/allure2-model-pojo-1.0-BETA6.jar:/Users/zhangjishuai/Downloads/maven_local_respository/org/apache/tika/tika-core/1.14/tika-core-1.14.jar:/Users/zhangjishuai/Downloads/maven_local_respository/io/qameta/allure/allure2-model-jackson/1.0-BETA6/allure2-model-jackson-1.0-BETA6.jar:/Users/zhangjishuai/Downloads/maven_local_respository/com/fasterxml/jackson/module/jackson-module-jaxb-annotations/2.7.0/jackson-module-jaxb-annotations-2.7.0.jar:/Users/zhangjishuai/Downloads/maven_local_respository/org/aspectj/aspectjrt/1.8.10/aspectjrt-1.8.10.jar:/Users/zhangjishuai/Downloads/maven_local_respository/org/jooq/joor/0.9.6/joor-0.9.6.jar:/Users/zhangjishuai/Downloads/maven_local_respository/com/github/dreamhead/moco-runner/1.0.0/moco-runner-1.0.0.jar:/Users/zhangjishuai/Downloads/maven_local_respository/com/github/dreamhead/moco-core/1.0.0/moco-core-1.0.0.jar:/Users/zhangjishuai/Downloads/maven_local_respository/commons-cli/commons-cli/1.4/commons-cli-1.4.jar:/Users/zhangjishuai/Downloads/maven_local_respository/io/netty/netty-codec-http/4.1.39.Final/netty-codec-http-4.1.39.Final.jar:/Users/zhangjishuai/Downloads/maven_local_respository/io/netty/netty-common/4.1.39.Final/netty-common-4.1.39.Final.jar:/Users/zhangjishuai/Downloads/maven_local_respository/io/netty/netty-buffer/4.1.39.Final/netty-buffer-4.1.39.Final.jar:/Users/zhangjishuai/Downloads/maven_local_respository/io/netty/netty-transport/4.1.39.Final/netty-transport-4.1.39.Final.jar:/Users/zhangjishuai/Downloads/maven_local_respository/io/netty/netty-resolver/4.1.39.Final/netty-resolver-4.1.39.Final.jar:/Users/zhangjishuai/Downloads/maven_local_respository/io/netty/netty-codec/4.1.39.Final/netty-codec-4.1.39.Final.jar:/Users/zhangjishuai/Downloads/maven_local_respository/io/netty/netty-handler/4.1.39.Final/netty-handler-4.1.39.Final.jar:/Users/zhangjishuai/Downloads/maven_local_respository/com/fasterxml/jackson/core/jackson-databind/2.10.0.pr1/jackson-databind-2.10.0.pr1.jar:/Users/zhangjishuai/Downloads/maven_local_respository/com/fasterxml/jackson/core/jackson-annotations/2.10.0.pr1/jackson-annotations-2.10.0.pr1.jar:/Users/zhangjishuai/Downloads/maven_local_respository/com/fasterxml/jackson/core/jackson-core/2.10.0.pr1/jackson-core-2.10.0.pr1.jar:/Users/zhangjishuai/Downloads/maven_local_respository/com/jayway/jsonpath/json-path/2.4.0/json-path-2.4.0.jar:/Users/zhangjishuai/Downloads/maven_local_respository/net/minidev/json-smart/2.3/json-smart-2.3.jar:/Users/zhangjishuai/Downloads/maven_local_respository/net/minidev/accessors-smart/1.2/accessors-smart-1.2.jar:/Users/zhangjishuai/Downloads/maven_local_respository/org/ow2/asm/asm/5.0.4/asm-5.0.4.jar:/Users/zhangjishuai/Downloads/maven_local_respository/org/freemarker/freemarker/2.3.29/freemarker-2.3.29.jar:/Users/zhangjishuai/Downloads/maven_local_respository/ch/qos/logback/logback-classic/1.2.3/logback-classic-1.2.3.jar:/Users/zhangjishuai/Downloads/maven_local_respository/ch/qos/logback/logback-core/1.2.3/logback-core-1.2.3.jar:"/>
    <property name="sun.cpu.endian" value="little"/>
    <property name="allure.results.directory" value="/Users/zhangjishuai/Desktop/myGitHub/api_testcode/target/allure-results"/>
    <property name="user.home" value="/Users/zhangjishuai"/>
    <property name="user.language" value="zh"/>
    <property name="java.specification.vendor" value="Oracle Corporation"/>
    <property name="java.home" value="/Library/Java/JavaVirtualMachines/jdk1.8.0_231.jdk/Contents/Home/jre"/>
    <property name="basedir" value="/Users/zhangjishuai/Desktop/myGitHub/api_testcode"/>
    <property name="file.separator" value="/"/>
    <property name="line.separator" value="&#10;"/>
    <property name="idea.version2019.2.4" value="true"/>
    <property name="java.vm.specification.vendor" value="Oracle Corporation"/>
    <property name="java.specification.name" value="Java Platform API Specification"/>
    <property name="java.awt.graphicsenv" value="sun.awt.CGraphicsEnvironment"/>
    <property name="surefire.real.class.path" value="/Users/zhangjishuai/Desktop/myGitHub/api_testcode/target/surefire/surefirebooter3140854672645657055.jar:/Users/zhangjishuai/Downloads/maven_local_respository/org/aspectj/aspectjweaver/1.9.2/aspectjweaver-1.9.2.jar"/>
    <property name="sun.boot.class.path" value="/Library/Java/JavaVirtualMachines/jdk1.8.0_231.jdk/Contents/Home/jre/lib/resources.jar:/Library/Java/JavaVirtualMachines/jdk1.8.0_231.jdk/Contents/Home/jre/lib/rt.jar:/Library/Java/JavaVirtualMachines/jdk1.8.0_231.jdk/Contents/Home/jre/lib/sunrsasign.jar:/Library/Java/JavaVirtualMachines/jdk1.8.0_231.jdk/Contents/Home/jre/lib/jsse.jar:/Library/Java/JavaVirtualMachines/jdk1.8.0_231.jdk/Contents/Home/jre/lib/jce.jar:/Library/Java/JavaVirtualMachines/jdk1.8.0_231.jdk/Contents/Home/jre/lib/charsets.jar:/Library/Java/JavaVirtualMachines/jdk1.8.0_231.jdk/Contents/Home/jre/lib/jfr.jar:/Library/Java/JavaVirtualMachines/jdk1.8.0_231.jdk/Contents/Home/jre/classes"/>
    <property name="sun.management.compiler" value="HotSpot 64-Bit Tiered Compilers"/>
    <property name="java.runtime.version" value="1.8.0_231-b11"/>
    <property name="user.name" value="zhangjishuai"/>
    <property name="path.separator" value=":"/>
    <property name="os.version" value="10.14.6"/>
    <property name="java.endorsed.dirs" value="/Library/Java/JavaVirtualMachines/jdk1.8.0_231.jdk/Contents/Home/jre/lib/endorsed"/>
    <property name="java.runtime.name" value="Java(TM) SE Runtime Environment"/>
    <property name="file.encoding" value="UTF-8"/>
    <property name="java.vm.name" value="Java HotSpot(TM) 64-Bit Server VM"/>
    <property name="localRepository" value="/Users/zhangjishuai/Downloads/maven_local_respository"/>
    <property name="java.vendor.url.bug" value="http://bugreport.sun.com/bugreport/"/>
    <property name="java.io.tmpdir" value="/var/folders/1n/2r74bj5s23vbqmbh4tgvbznw0000gn/T/"/>
    <property name="java.version" value="1.8.0_231"/>
    <property name="user.dir" value="/Users/zhangjishuai/Desktop/myGitHub/api_testcode"/>
    <property name="os.arch" value="x86_64"/>
    <property name="java.vm.specification.name" value="Java Virtual Machine Specification"/>
    <property name="java.awt.printerjob" value="sun.lwawt.macosx.CPrinterJob"/>
    <property name="sun.os.patch.level" value="unknown"/>
    <property name="java.library.path" value="/Users/zhangjishuai/Library/Java/Extensions:/Library/Java/Extensions:/Network/Library/Java/Extensions:/System/Library/Java/Extensions:/usr/lib/java:."/>
    <property name="java.vm.info" value="mixed mode"/>
    <property name="java.vendor" value="Oracle Corporation"/>
    <property name="java.vm.version" value="25.231-b11"/>
    <property name="java.ext.dirs" value="/Users/zhangjishuai/Library/Java/Extensions:/Library/Java/JavaVirtualMachines/jdk1.8.0_231.jdk/Contents/Home/jre/lib/ext:/Library/Java/Extensions:/Network/Library/Java/Extensions:/System/Library/Java/Extensions:/usr/lib/java"/>
    <property name="sun.io.unicode.encoding" value="UnicodeBig"/>
    <property name="java.class.version" value="52.0"/>
  </properties>
  <testcase name="test" classname="cases.RegisterCase" time="1.531"/>
  <testcase name="test" classname="cases.RegisterCase" time="0.142"/>
  <testcase name="test" classname="cases.RegisterCase" time="0.161"/>
  <testcase name="test" classname="cases.RegisterCase" time="0.137"/>
  <testcase name="test" classname="cases.RegisterCase" time="1.855"/>
  <testcase name="test" classname="cases.RegisterCase" time="0.197"/>
  <testcase name="test" classname="cases.LoginCase" time="0.12"/>
  <testcase name="test" classname="cases.LoginCase" time="0.135"/>
  <testcase name="test" classname="cases.LoginCase" time="0.211"/>
  <testcase name="test" classname="cases.LoginCase" time="0.197"/>
  <testcase name="test" classname="cases.LoginCase" time="0.2"/>
  <testcase name="test" classname="cases.RechargeCase" time="0.162">
    <failure message="expected [Pass] but found [Fail]" type="java.lang.AssertionError">java.lang.AssertionError: expected [Pass] but found [Fail]
	at cases.RechargeCase.test(RechargeCase.java:27)
</failure>
    <system-out><![CDATA[[INFO] 2020-02-10 13:34:53 method: cases.BaseCase.test(BaseCase.java:54)----======================参数化替换======================http://api.lemonban.com/futureloan/member/recharge
[INFO] 2020-02-10 13:34:53 method: cases.BaseCase.test(BaseCase.java:57)----替换后的参数：{"member_id":"-1","amount":"6300"}
[INFO] 2020-02-10 13:34:53 method: cases.BaseCase.test(BaseCase.java:58)----sql校验：null
[INFO] 2020-02-10 13:34:53 method: utils.HttpUtils.testPostJson(HttpUtils.java:229)----请求头：[Server: nginx/1.4.2, Date: Mon, 10 Feb 2020 05:34:53 GMT, Content-Type: application/json;charset=UTF-8, Transfer-Encoding: chunked, Connection: keep-alive]
[INFO] 2020-02-10 13:34:53 method: utils.HttpUtils.testPostJson(HttpUtils.java:230)----请求体：[Content-Type: text/plain; charset=UTF-8,Content-Length: 34,Chunked: false]
[INFO] 2020-02-10 13:34:53 method: utils.HttpUtils.testPostJson(HttpUtils.java:231)----状态码：200
[INFO] 2020-02-10 13:34:53 method: utils.HttpUtils.testPostJson(HttpUtils.java:232)----响应体：{"code":1007,"msg":"无权限访问，请检查参数","data":null,"copyright":"Copyright 柠檬班 © 2017-2019 湖南省零檬信息技术有限公司 All Rights Reserved"}
[INFO] 2020-02-10 13:34:53 method: cases.BaseCase.assertResponseData_aroundBody0(BaseCase.java:164)----实际值：1007 | 期望值：[{"value":1008,"expression":"$.code"}]断言结果：false
[INFO] 2020-02-10 13:34:53 method: cases.BaseCase.test(BaseCase.java:87)----响应断言：false
[INFO] 2020-02-10 13:34:53 method: cases.BaseCase.test(BaseCase.java:101)----结果断言：Fail
]]></system-out>
  </testcase>
  <testcase name="test" classname="cases.RechargeCase" time="0.153"/>
  <testcase name="test" classname="cases.RechargeCase" time="0.145"/>
  <testcase name="test" classname="cases.RechargeCase" time="0.166">
    <failure message="expected [Pass] but found [Fail]" type="java.lang.AssertionError">java.lang.AssertionError: expected [Pass] but found [Fail]
	at cases.RechargeCase.test(RechargeCase.java:27)
</failure>
    <system-out><![CDATA[[INFO] 2020-02-10 13:34:53 method: cases.BaseCase.test(BaseCase.java:54)----======================参数化替换======================http://api.lemonban.com/futureloan/member/recharge
[INFO] 2020-02-10 13:34:53 method: cases.BaseCase.test(BaseCase.java:57)----替换后的参数：{"member_id":"88109","amount":"SSS"}
[INFO] 2020-02-10 13:34:53 method: cases.BaseCase.test(BaseCase.java:58)----sql校验：null
[INFO] 2020-02-10 13:34:54 method: utils.HttpUtils.testPostJson(HttpUtils.java:229)----请求头：[Server: nginx/1.4.2, Date: Mon, 10 Feb 2020 05:34:54 GMT, Content-Type: application/json;charset=UTF-8, Transfer-Encoding: chunked, Connection: keep-alive]
[INFO] 2020-02-10 13:34:54 method: utils.HttpUtils.testPostJson(HttpUtils.java:230)----请求体：[Content-Type: text/plain; charset=UTF-8,Content-Length: 36,Chunked: false]
[INFO] 2020-02-10 13:34:54 method: utils.HttpUtils.testPostJson(HttpUtils.java:231)----状态码：200
[INFO] 2020-02-10 13:34:54 method: utils.HttpUtils.testPostJson(HttpUtils.java:232)----响应体：{"code":2,"msg":"数字格式化异常","data":null,"copyright":"Copyright 柠檬班 © 2017-2019 湖南省零檬信息技术有限公司 All Rights Reserved"}
[INFO] 2020-02-10 13:34:54 method: cases.BaseCase.assertResponseData_aroundBody0(BaseCase.java:164)----实际值：2 | 期望值：[{"value":0,"expression":"$.code"},{"value":"OK","expression":"$.msg"}]断言结果：false
[INFO] 2020-02-10 13:34:54 method: cases.BaseCase.test(BaseCase.java:87)----响应断言：false
[INFO] 2020-02-10 13:34:54 method: cases.BaseCase.test(BaseCase.java:101)----结果断言：Fail
]]></system-out>
  </testcase>
  <testcase name="test" classname="cases.RechargeCase" time="1.322"/>
  <testcase name="test" classname="cases.RechargeCase" time="1.364"/>
</testsuite>