<?xml version="1.0" encoding="UTF-8"?>
<!-- Generated by org.testng.reporters.JUnitReportReporter -->
<testsuite hostname="DESKTOP-MMOQ00R" name="cases.LoginCase" tests="5" failures="0" timestamp="20 Dec 2019 10:09:51 GMT" time="0.368" errors="0">
  <testcase name="test" time="0.079" classname="cases.LoginCase"/>
  <testcase name="test" time="0.064" classname="cases.LoginCase"/>
  <testcase name="test" time="0.066" classname="cases.LoginCase"/>
  <testcase name="test" time="0.081" classname="cases.LoginCase"/>
  <testcase name="test" time="0.078" classname="cases.LoginCase"/>
</testsuite> <!-- cases.LoginCase -->
