<?xml version="1.0" encoding="UTF-8"?>
<!-- Generated by org.testng.reporters.JUnitReportReporter -->
<testsuite hostname="DESKTOP-MMOQ00R" name="cases.RechargeCase" tests="6" failures="0" timestamp="20 Dec 2019 10:09:51 GMT" time="1.466" errors="0">
  <testcase name="test" time="0.066" classname="cases.RechargeCase"/>
  <testcase name="test" time="0.066" classname="cases.RechargeCase"/>
  <testcase name="test" time="0.601" classname="cases.RechargeCase"/>
  <testcase name="test" time="0.594" classname="cases.RechargeCase"/>
  <testcase name="test" time="0.072" classname="cases.RechargeCase"/>
  <testcase name="test" time="0.067" classname="cases.RechargeCase"/>
</testsuite> <!-- cases.RechargeCase -->
