<?xml version="1.0" encoding="UTF-8"?>
<!-- Generated by org.testng.reporters.JUnitReportReporter -->
<testsuite hostname="DESKTOP-MMOQ00R" name="cases.RegisterCase" tests="6" failures="0" timestamp="20 Dec 2019 10:29:10 GMT" time="2.635" errors="0">
  <testcase name="test" time="0.070" classname="cases.RegisterCase"/>
  <testcase name="test" time="0.065" classname="cases.RegisterCase"/>
  <testcase name="test" time="1.070" classname="cases.RegisterCase"/>
  <testcase name="test" time="0.077" classname="cases.RegisterCase"/>
  <testcase name="test" time="1.279" classname="cases.RegisterCase"/>
  <testcase name="test" time="0.074" classname="cases.RegisterCase"/>
</testsuite> <!-- cases.RegisterCase -->
