<?xml version="1.0" encoding="UTF-8"?>
<!-- Generated by org.testng.reporters.JUnitReportReporter -->
<testsuite hostname="zhangjiuaideMBP" name="cases.LoginCase" tests="5" failures="0" timestamp="10 Feb 2020 05:34:57 GMT" time="0.857" errors="0">
  <testcase name="test" time="0.196" classname="cases.LoginCase"/>
  <testcase name="test" time="0.210" classname="cases.LoginCase"/>
  <testcase name="test" time="0.134" classname="cases.LoginCase"/>
  <testcase name="test" time="0.119" classname="cases.LoginCase"/>
  <testcase name="test" time="0.198" classname="cases.LoginCase"/>
</testsuite> <!-- cases.LoginCase -->
