<?xml version="1.0" encoding="UTF-8"?>
<!-- Generated by org.testng.reporters.JUnitReportReporter -->
<testsuite hostname="DESKTOP-MMOQ00R" name="cases.RegisterCase" tests="6" failures="0" timestamp="20 Dec 2019 16:00:18 GMT" time="2.425" errors="0">
  <testcase name="test" time="1.125" classname="cases.RegisterCase"/>
  <testcase name="test" time="0.064" classname="cases.RegisterCase"/>
  <testcase name="test" time="0.065" classname="cases.RegisterCase"/>
  <testcase name="test" time="0.070" classname="cases.RegisterCase"/>
  <testcase name="test" time="0.078" classname="cases.RegisterCase"/>
  <testcase name="test" time="1.023" classname="cases.RegisterCase"/>
</testsuite> <!-- cases.RegisterCase -->
