<?xml version="1.0" encoding="UTF-8"?>
<!-- Generated by org.testng.reporters.JUnitReportReporter -->
<testsuite hostname="zhangjiuaideMBP" name="cases.RegisterCase" tests="6" failures="0" timestamp="10 Feb 2020 05:34:57 GMT" time="4.021" errors="0">
  <testcase name="test" time="1.856" classname="cases.RegisterCase"/>
  <testcase name="test" time="0.136" classname="cases.RegisterCase"/>
  <testcase name="test" time="0.195" classname="cases.RegisterCase"/>
  <testcase name="test" time="1.531" classname="cases.RegisterCase"/>
  <testcase name="test" time="0.143" classname="cases.RegisterCase"/>
  <testcase name="test" time="0.160" classname="cases.RegisterCase"/>
</testsuite> <!-- cases.RegisterCase -->
