<?xml version="1.0" encoding="UTF-8"?>
<!-- Generated by org.testng.reporters.JUnitReportReporter -->
<testsuite hostname="DESKTOP-MMOQ00R" name="cases.LoginCase" tests="5" failures="0" timestamp="20 Dec 2019 16:00:18 GMT" time="0.354" errors="0">
  <testcase name="test" time="0.064" classname="cases.LoginCase"/>
  <testcase name="test" time="0.074" classname="cases.LoginCase"/>
  <testcase name="test" time="0.070" classname="cases.LoginCase"/>
  <testcase name="test" time="0.072" classname="cases.LoginCase"/>
  <testcase name="test" time="0.074" classname="cases.LoginCase"/>
</testsuite> <!-- cases.LoginCase -->
